<?xml version="1.0" encoding="UTF-8"?>
<testsuite name="Run on chrome"
           tests="3"
           failures="0"
           errors="0"
           skipped="0"
           time="27.785">
  <properties />
  
  
            <testcase name="HomePage_03_Verify_all_information_in_cart_page" time="7.808" classname="pod.food.homepage.HomePage_Add_To_Cart_And_Verify_Info_In_Cart" />
                <testcase name="HomePage_02_Verify_the_information_of_product_in_cart" time="6.198" classname="pod.food.homepage.HomePage_Add_To_Cart_And_Verify_Info_In_Cart" />
                <testcase name="HomePage_01_Click_Search_Product" time="13.779" classname="pod.food.homepage.HomePage_Add_To_Cart_And_Verify_Info_In_Cart" />
      
</testsuite>
